2026-01-21 20:56:58,342 - ERROR - Scan failed: 400: Invalid port range '4431-100080': Use format 'start-end' (e.g., 20-80)
2026-01-21 20:57:21,758 - ERROR - Scan failed: 400: Invalid port range '4431-100080': Use format 'start-end' (e.g., 20-80)
2026-01-21 20:57:58,572 - ERROR - Scan failed: 400: Invalid target: 
2026-01-21 20:58:46,711 - ERROR - Scan failed: 400: Invalid target: 
2026-01-21 20:59:17,844 - ERROR - Scan failed: 400: Invalid target: 
2026-01-21 21:02:32,566 - ERROR - Scan failed: 400: Invalid port range '801-100080': Use format 'start-end' (e.g., 20-80)
2026-01-21 21:03:17,517 - ERROR - Scan failed: 400: Invalid target: 
2026-01-21 21:06:46,609 - ERROR - Scan failed: 400: Invalid target: 
2026-01-21 21:07:13,896 - WARNING - Scan attempt 1 failed: 'nmap'. Retrying...
2026-01-21 21:07:14,094 - WARNING - Scan attempt 2 failed: 'nmap'. Retrying...
2026-01-21 21:07:14,232 - ERROR - Scan failed: 'nmap'
2026-01-22 04:36:38,010 - WARNING - Scan attempt 1 failed: 'You requested a scan type which requires root privileges.\nQUITTING!\n'. Retrying...
2026-01-22 04:36:38,889 - WARNING - Scan attempt 2 failed: 'You requested a scan type which requires root privileges.\nQUITTING!\n'. Retrying...
2026-01-22 04:36:39,669 - ERROR - Scan failed: 'You requested a scan type which requires root privileges.\nQUITTING!\n'
2026-01-22 04:37:21,830 - WARNING - Scan attempt 1 failed: 'You requested a scan type which requires root privileges.\nQUITTING!\n'. Retrying...
2026-01-22 04:37:25,559 - WARNING - Scan attempt 2 failed: 'You requested a scan type which requires root privileges.\nQUITTING!\n'. Retrying...
2026-01-22 04:37:29,912 - ERROR - Scan failed: 'You requested a scan type which requires root privileges.\nQUITTING!\n'
2026-01-22 04:38:13,271 - WARNING - Scan attempt 1 failed: 'You requested a scan type which requires root privileges.\nQUITTING!\n'. Retrying...
2026-01-22 04:38:14,133 - WARNING - Scan attempt 2 failed: 'You requested a scan type which requires root privileges.\nQUITTING!\n'. Retrying...
2026-01-22 04:38:15,391 - ERROR - Scan failed: 'You requested a scan type which requires root privileges.\nQUITTING!\n'
2026-01-22 17:02:19,850 - ERROR - Scan failed: 400: Invalid port range '1-10008000': Use format 'start-end' (e.g., 20-80)
2026-01-22 17:02:59,389 - WARNING - Scan attempt 1 failed: 'You requested a scan type which requires root privileges.\nQUITTING!\n'. Retrying...
2026-01-22 17:02:59,961 - WARNING - Scan attempt 2 failed: 'You requested a scan type which requires root privileges.\nQUITTING!\n'. Retrying...
2026-01-22 17:03:00,534 - ERROR - Scan failed: 'You requested a scan type which requires root privileges.\nQUITTING!\n'
2026-01-22 17:03:46,470 - WARNING - Scan attempt 1 failed: 'You requested a scan type which requires root privileges.\nQUITTING!\n'. Retrying...
2026-01-22 17:03:48,628 - WARNING - Scan attempt 2 failed: 'You requested a scan type which requires root privileges.\nQUITTING!\n'. Retrying...
2026-01-22 17:03:50,572 - ERROR - Scan failed: 'You requested a scan type which requires root privileges.\nQUITTING!\n'
2026-01-22 11:13:35,006 - ERROR - Scan failed: 400: Invalid port range '8000801-1000': Use format 'start-end' (e.g., 20-80)
2026-01-22 11:13:53,188 - ERROR - Scan failed: 400: Invalid port range '8000801-1000': Use format 'start-end' (e.g., 20-80)
2026-01-22 11:14:20,905 - ERROR - Scan failed: 400: Invalid port range '8000801-1000': Use format 'start-end' (e.g., 20-80)
2026-01-22 11:14:57,632 - ERROR - Scan failed: 400: Invalid target: 
2026-01-22 12:18:45,426 - ERROR - Scan failed: 400: Invalid port range '1-100080': Use format 'start-end' (e.g., 20-80)
2026-01-22 12:19:01,113 - ERROR - Scan failed: 400: Invalid port range '1-100000': Use format 'start-end' (e.g., 20-80)
2026-01-22 13:18:31,792 - ERROR - Scan failed: Invalid target: localhost
